39.0 APEX_CODE,DEBUG;APEX_PROFILING,INFO;CALLOUT,INFO;DB,INFO;SYSTEM,DEBUG;VALIDATION,INFO;VISUALFORCE,DEBUG;WAVE,INFO;WORKFLOW,INFO
15:10:52.0 (471711)|USER_INFO|[EXTERNAL]|00528000001szBz|kiran@kmforce.com|Pacific Standard Time|GMT-07:00
15:10:52.0 (500858)|EXECUTION_STARTED
15:10:52.0 (505690)|CODE_UNIT_STARTED|[EXTERNAL]|EmailReportExport
15:10:52.0 (3028769)|SYSTEM_MODE_ENTER|false
15:10:52.0 (3041519)|SYSTEM_MODE_EXIT|false
15:10:52.0 (3054086)|SYSTEM_MODE_ENTER|false
15:10:52.0 (3059928)|SYSTEM_MODE_EXIT|false
15:10:52.0 (3062376)|SYSTEM_MODE_ENTER|false
15:10:52.0 (3063766)|SYSTEM_MODE_EXIT|false
15:10:52.0 (3124904)|SYSTEM_MODE_ENTER|false
15:10:52.0 (5675591)|CALLOUT_REQUEST|[22]|System.HttpRequest[Endpoint=http://ap2.salesforce.com/services/data/v28.0/query?q=Select+COUNT(Id)+FROM+, Method=GET]
15:10:52.0 (13502978)|CALLOUT_RESPONSE|[22]|System.HttpResponse[Status=Unauthorized, StatusCode=401]
15:10:52.0 (13565254)|USER_DEBUG|[23]|DEBUG|[{"message":"Session expired or invalid","errorCode":"INVALID_SESSION_ID"}]
15:10:52.0 (32230305)|FATAL_ERROR|System.UnexpectedException: Salesforce System Error: 2053493423-25928 (1346073804) (1346073804)

Class.reports.ReportManager.runReport: line 15, column 1
Class.ExportReportService.createCSVFile: line 30, column 1
Class.EmailReportExport.execute: line 4, column 1
15:10:52.0 (32247461)|CODE_UNIT_FINISHED|EmailReportExport
15:10:52.0 (34508801)|EXECUTION_FINISHED
