39.0 APEX_CODE,DEBUG;APEX_PROFILING,INFO;CALLOUT,INFO;DB,INFO;SYSTEM,DEBUG;VALIDATION,INFO;VISUALFORCE,DEBUG;WAVE,INFO;WORKFLOW,INFO
15:10:08.0 (77474)|EXECUTION_STARTED
15:10:08.0 (115927)|CODE_UNIT_STARTED|[EXTERNAL]|VisualForce View State
15:10:08.0 (9084850)|CODE_UNIT_FINISHED|VisualForce View State
15:10:08.0 (10944013)|EXECUTION_FINISHED
15:10:08.12 (12759427)|SYSTEM_MODE_ENTER|true
15:10:08.178 (178823495)|CUMULATIVE_LIMIT_USAGE
15:10:08.178 (178823495)|LIMIT_USAGE_FOR_NS|(default)|
  Number of SOQL queries: 0 out of 100
  Number of query rows: 0 out of 50000
  Number of SOSL queries: 0 out of 20
  Number of DML statements: 0 out of 150
  Number of DML rows: 0 out of 10000
  Maximum CPU time: 0 out of 10000
  Maximum heap size: 0 out of 6000000
  Number of callouts: 0 out of 100
  Number of Email Invocations: 0 out of 10
  Number of future calls: 0 out of 50
  Number of queueable jobs added to the queue: 0 out of 50
  Number of Mobile Apex push calls: 0 out of 10

15:10:08.178 (178823495)|CUMULATIVE_LIMIT_USAGE_END

