39.0 APEX_CODE,DEBUG;APEX_PROFILING,INFO;CALLOUT,INFO;DB,INFO;SYSTEM,DEBUG;VALIDATION,INFO;VISUALFORCE,DEBUG;WAVE,INFO;WORKFLOW,INFO
15:54:05.0 (481133)|EXECUTION_STARTED
15:54:05.0 (514694)|CODE_UNIT_STARTED|[EXTERNAL]|VisualForce View State
15:54:05.0 (7469826)|CODE_UNIT_FINISHED|VisualForce View State
15:54:05.0 (9306601)|EXECUTION_FINISHED
15:54:05.11 (11841247)|SYSTEM_MODE_ENTER|true
15:54:05.218 (218045505)|CUMULATIVE_LIMIT_USAGE
15:54:05.218 (218045505)|LIMIT_USAGE_FOR_NS|(default)|
  Number of SOQL queries: 0 out of 100
  Number of query rows: 0 out of 50000
  Number of SOSL queries: 0 out of 20
  Number of DML statements: 0 out of 150
  Number of DML rows: 0 out of 10000
  Maximum CPU time: 0 out of 10000
  Maximum heap size: 0 out of 6000000
  Number of callouts: 0 out of 100
  Number of Email Invocations: 0 out of 10
  Number of future calls: 0 out of 50
  Number of queueable jobs added to the queue: 0 out of 50
  Number of Mobile Apex push calls: 0 out of 10

15:54:05.218 (218045505)|CUMULATIVE_LIMIT_USAGE_END

EBUG|Billing State/Province
15:54:06.0 (342078199)|EMAIL_QUEUE|[60]|subject: All Accounts CSV, bccSender: false, saveAsActivity: true, useSignature: true, toAddresses: [kiran_machhewar@persistent.com, smachhewar@gmail.com], plainTextBody: Hi,
Please consider the attached report export.
 Thanks,
Salesforce, 
15:54:06.0 (342371664)|USER_DEBUG|[61]|DEBUG|CSV File-->"Account Owner","Account Name","Type","Rating","Last Activity","Last Modified Date","Billing State/Province"
"Kiran Machhewar","sForce","","","","2/1/2016","CA"
"Kiran Machhewar","United Oil & Gas Corp.","Customer - Direct","Hot","","2/1/2016","NY"
"Kiran Machhewar","University of Arizona","Customer - Direct","Warm","","2/1/2016","AZ"
"Kiran Machhewar","Express Logistics and Transport","Customer - Channel","Cold","","2/1/2016","OR"
"Kiran Machhewar","Grand Hotels & Resorts Ltd","Customer - Direct","Warm","","2/1/2016","IL"
"Kiran Machhewar","Dickenson plc","Customer - Channel","","","2/1/2016","KS"
"Kiran Machhewar","Pyramid Construction Inc.","Customer - Channel","","","2/1/2016",""
"Kiran Machhewar","Burlington Textiles Corp of America","Customer - Direct","Warm","","2/1/2016","NC"
"Kiran Machhewar","Edge Communications","Customer - Direct","Hot","","2/1/2016","TX"
"Kiran Machhewar","United Oil & Gas, Singapore","Customer - Direct","","","2/1/2016","Singapore"
"Kiran Machhewar","United Oil & Gas, UK","Customer - Direct","","","2/1/2016","UK"
"Kiran Machhewar","GenePoint","Customer - Channel","Cold","","2/1/2016","CA"
15:54:06.0 (342398985)|SYSTEM_MODE_EXIT|false
15:54:06.0 (342415144)|CODE_UNIT_FINISHED|EmailReportExport
15:54:06.0 (344753514)|EXECUTION_FINISHED
