39.0 APEX_CODE,DEBUG;APEX_PROFILING,INFO;CALLOUT,INFO;DB,INFO;SYSTEM,DEBUG;VALIDATION,INFO;VISUALFORCE,DEBUG;WAVE,INFO;WORKFLOW,INFO
16:04:46.0 (249590)|USER_INFO|[EXTERNAL]|00528000001szBz|kiran@kmforce.com|Pacific Standard Time|GMT-07:00
16:04:46.0 (303365)|EXECUTION_STARTED
16:04:46.0 (309778)|CODE_UNIT_STARTED|[EXTERNAL]|EmailReportExport
16:04:46.0 (3939376)|SYSTEM_MODE_ENTER|false
16:04:46.0 (3958119)|SYSTEM_MODE_EXIT|false
16:04:46.0 (3975845)|SYSTEM_MODE_ENTER|false
16:04:46.0 (3987013)|SYSTEM_MODE_EXIT|false
16:04:46.0 (3991615)|SYSTEM_MODE_ENTER|false
16:04:46.0 (3994682)|SYSTEM_MODE_EXIT|false
16:04:46.0 (4068739)|SYSTEM_MODE_ENTER|false
16:04:46.0 (218471442)|USER_DEBUG|[21]|DEBUG|Account Owner
16:04:46.0 (218555120)|USER_DEBUG|[21]|DEBUG|Account Name
16:04:46.0 (218590372)|USER_DEBUG|[21]|DEBUG|Type
16:04:46.0 (218622003)|USER_DEBUG|[21]|DEBUG|Rating
16:04:46.0 (218652736)|USER_DEBUG|[21]|DEBUG|Last Activity
16:04:46.0 (218686757)|USER_DEBUG|[21]|DEBUG|Last Modified Date
16:04:46.0 (218720359)|USER_DEBUG|[21]|DEBUG|Billing State/Province
16:04:46.0 (238697710)|EMAIL_QUEUE|[62]|subject: All Accounts CSV, bccSender: false, saveAsActivity: false, useSignature: true, targetObjectId: 00528000001szBz, plainTextBody: Hi,
Please consider the attached report export.
 Thanks,
Salesforce, 
16:04:46.0 (239048339)|USER_DEBUG|[63]|DEBUG|CSV File-->
"Account Owner","Account Name","Type","Rating","Last Activity","Last Modified Date","Billing State/Province"
"Kiran Machhewar","sForce","","","","2/1/2016","CA"
"Kiran Machhewar","United Oil & Gas Corp.","Customer - Direct","Hot","","2/1/2016","NY"
"Kiran Machhewar","University of Arizona","Customer - Direct","Warm","","2/1/2016","AZ"
"Kiran Machhewar","Express Logistics and Transport","Customer - Channel","Cold","","2/1/2016","OR"
"Kiran Machhewar","Grand Hotels & Resorts Ltd","Customer - Direct","Warm","","2/1/2016","IL"
"Kiran Machhewar","Dickenson plc","Customer - Channel","","","2/1/2016","KS"
"Kiran Machhewar","Pyramid Construction Inc.","Customer - Channel","","","2/1/2016",""
"Kiran Machhewar","Burlington Textiles Corp of America","Customer - Direct","Warm","","2/1/2016","NC"
"Kiran Machhewar","Edge Communications","Customer - Direct","Hot","","2/1/2016","TX"
"Kiran Machhewar","United Oil & Gas, Singapore","Customer - Direct","","","2/1/2016","Singapore"
"Kiran Machhewar","United Oil & Gas, UK","Customer - Direct","","","2/1/2016","UK"
"Kiran Machhewar","GenePoint","Customer - Channel","Cold","","2/1/2016","CA"
16:04:46.0 (239082937)|SYSTEM_MODE_EXIT|false
16:04:46.0 (239107618)|CODE_UNIT_FINISHED|EmailReportExport
16:04:46.0 (241819961)|EXECUTION_FINISHED
