39.0 APEX_CODE,DEBUG;APEX_PROFILING,INFO;CALLOUT,INFO;DB,INFO;SYSTEM,DEBUG;VALIDATION,INFO;VISUALFORCE,DEBUG;WAVE,INFO;WORKFLOW,INFO
16:01:31.0 (235350)|USER_INFO|[EXTERNAL]|00528000001szBz|kiran@kmforce.com|Pacific Standard Time|GMT-07:00
16:01:31.0 (295689)|EXECUTION_STARTED
16:01:31.0 (303341)|CODE_UNIT_STARTED|[EXTERNAL]|EmailReportExport
16:01:31.0 (4453369)|SYSTEM_MODE_ENTER|false
16:01:31.0 (4589870)|SYSTEM_MODE_EXIT|false
16:01:31.0 (4618091)|SYSTEM_MODE_ENTER|false
16:01:31.0 (4636920)|SYSTEM_MODE_EXIT|false
16:01:31.0 (4646396)|SYSTEM_MODE_ENTER|false
16:01:31.0 (4651015)|SYSTEM_MODE_EXIT|false
16:01:31.0 (4753228)|SYSTEM_MODE_ENTER|false
16:01:31.0 (70578886)|USER_DEBUG|[21]|DEBUG|Account Owner
16:01:31.0 (70684952)|USER_DEBUG|[21]|DEBUG|Account Name
16:01:31.0 (70720714)|USER_DEBUG|[21]|DEBUG|Type
16:01:31.0 (70751388)|USER_DEBUG|[21]|DEBUG|Rating
16:01:31.0 (70781016)|USER_DEBUG|[21]|DEBUG|Last Activity
16:01:31.0 (70810547)|USER_DEBUG|[21]|DEBUG|Last Modified Date
16:01:31.0 (70840298)|USER_DEBUG|[21]|DEBUG|Billing State/Province
16:01:31.0 (89306444)|EXCEPTION_THROWN|[62]|System.EmailException: SendEmail failed. First exception on row 0; first error: INVALID_SAVE_AS_ACTIVITY_FLAG, saveAsActivity must be false when sending mail to users.: [saveAsActivity, true]
16:01:31.0 (90474214)|FATAL_ERROR|System.EmailException: SendEmail failed. First exception on row 0; first error: INVALID_SAVE_AS_ACTIVITY_FLAG, saveAsActivity must be false when sending mail to users.: [saveAsActivity, true]

Class.ExportReportService.createCSVFile: line 62, column 1
Class.EmailReportExport.execute: line 4, column 1
16:01:31.0 (90499787)|CODE_UNIT_FINISHED|EmailReportExport
16:01:31.0 (92326582)|EXECUTION_FINISHED
