39.0 APEX_CODE,DEBUG
Execute Anonymous: Messaging.EmailFileAttachment csvAttachment = new Messaging.EmailFileAttachment();
Execute Anonymous: 		Blob csvBlob = Blob.valueOf('Test');
Execute Anonymous: 		string csvname= 'csv';
Execute Anonymous: 		csvAttachment.setFileName(csvname);
Execute Anonymous: 		csvAttachment.setBody(csvBlob);
Execute Anonymous: 		Messaging.SingleEmailMessage email =new Messaging.SingleEmailMessage();
Execute Anonymous: 		String subject ='CSV';
Execute Anonymous: 		email.setSubject(subject);
Execute Anonymous: 		email.setTargetObjectId(UserInfo.getUserId());
Execute Anonymous: 		email.setSaveAsActivity(false); 
Execute Anonymous: 		email.setPlainTextBody('Hi,\nPlease consider the attached report export.\n Thanks,\nSalesforce');
Execute Anonymous: 		email.setFileAttachments(new Messaging.EmailFileAttachment[]{csvAttachment});
Execute Anonymous: 		Messaging.SendEmailResult [] sendEmailResult = Messaging.sendEmail(new Messaging.SingleEmailMessage[] {email});
16:10:34.226 (226146987)|USER_INFO|[EXTERNAL]|00528000001szBz|kiran@kmforce.com|Pacific Standard Time|GMT-07:00
16:10:34.226 (226171266)|EXECUTION_STARTED
16:10:34.226 (226175432)|CODE_UNIT_STARTED|[EXTERNAL]|execute_anonymous_apex
16:10:34.226 (283488249)|EMAIL_QUEUE|[13]|subject: CSV, bccSender: false, saveAsActivity: false, useSignature: true, targetObjectId: 00528000001szBz, plainTextBody: Hi,
Please consider the attached report export.
 Thanks,
Salesforce, 
16:10:34.226 (302651863)|CODE_UNIT_FINISHED|execute_anonymous_apex
16:10:34.226 (304492053)|EXECUTION_FINISHED
