39.0 APEX_CODE,DEBUG;APEX_PROFILING,INFO;CALLOUT,INFO;DB,INFO;SYSTEM,DEBUG;VALIDATION,INFO;VISUALFORCE,DEBUG;WAVE,INFO;WORKFLOW,INFO
16:00:00.0 (725064)|EXECUTION_STARTED
16:00:00.0 (776846)|CODE_UNIT_STARTED|[EXTERNAL]|VisualForce View State
16:00:00.0 (9503423)|CODE_UNIT_FINISHED|VisualForce View State
16:00:00.0 (11461092)|EXECUTION_FINISHED
16:00:00.14 (14210882)|SYSTEM_MODE_ENTER|true
16:00:00.404 (404023452)|CUMULATIVE_LIMIT_USAGE
16:00:00.404 (404023452)|LIMIT_USAGE_FOR_NS|(default)|
  Number of SOQL queries: 0 out of 100
  Number of query rows: 0 out of 50000
  Number of SOSL queries: 0 out of 20
  Number of DML statements: 0 out of 150
  Number of DML rows: 0 out of 10000
  Maximum CPU time: 0 out of 10000
  Maximum heap size: 0 out of 6000000
  Number of callouts: 0 out of 100
  Number of Email Invocations: 0 out of 10
  Number of future calls: 0 out of 50
  Number of queueable jobs added to the queue: 0 out of 50
  Number of Mobile Apex push calls: 0 out of 10

16:00:00.404 (404023452)|CUMULATIVE_LIMIT_USAGE_END

