39.0 APEX_CODE,DEBUG;APEX_PROFILING,INFO;CALLOUT,INFO;DB,INFO;SYSTEM,DEBUG;VALIDATION,INFO;VISUALFORCE,DEBUG;WAVE,INFO;WORKFLOW,INFO
16:14:11.0 (107761)|EXECUTION_STARTED
16:14:11.0 (155743)|CODE_UNIT_STARTED|[EXTERNAL]|VisualForce View State
16:14:11.0 (8465573)|CODE_UNIT_FINISHED|VisualForce View State
16:14:11.0 (10617782)|EXECUTION_FINISHED
16:14:11.12 (12757950)|SYSTEM_MODE_ENTER|true
16:14:11.241 (241346387)|CUMULATIVE_LIMIT_USAGE
16:14:11.241 (241346387)|LIMIT_USAGE_FOR_NS|(default)|
  Number of SOQL queries: 0 out of 100
  Number of query rows: 0 out of 50000
  Number of SOSL queries: 0 out of 20
  Number of DML statements: 0 out of 150
  Number of DML rows: 0 out of 10000
  Maximum CPU time: 0 out of 10000
  Maximum heap size: 0 out of 6000000
  Number of callouts: 0 out of 100
  Number of Email Invocations: 0 out of 10
  Number of future calls: 0 out of 50
  Number of queueable jobs added to the queue: 0 out of 50
  Number of Mobile Apex push calls: 0 out of 10

16:14:11.241 (241346387)|CUMULATIVE_LIMIT_USAGE_END

