39.0 APEX_CODE,DEBUG
Execute Anonymous: Messaging.EmailFileAttachment csvAttachment = new Messaging.EmailFileAttachment();
Execute Anonymous: 		csvAttachment.setFileName('.csv');
Execute Anonymous: 		csvAttachment.setBody(Blob.valueOf('ghg'));
Execute Anonymous: 		Messaging.SingleEmailMessage email =new Messaging.SingleEmailMessage();
Execute Anonymous: 		email.setSubject(' CSV');
Execute Anonymous: 		email.setTargetObjectId(UserInfo.getUserId());
Execute Anonymous: 		email.setSaveAsActivity(false); 
Execute Anonymous: 		email.setPlainTextBody('Hi,\nPlease consider the attached report export.\n Thanks,\nSalesforce');
Execute Anonymous: 		email.setFileAttachments(new Messaging.EmailFileAttachment[]{csvAttachment});
Execute Anonymous: 		Messaging.SendEmailResult [] sendEmailResult = Messaging.sendEmail(new Messaging.SingleEmailMessage[] {email});
17:05:50.35 (35435810)|USER_INFO|[EXTERNAL]|00528000001szBz|kiran@kmforce.com|Pacific Standard Time|GMT-07:00
17:05:50.35 (35457879)|EXECUTION_STARTED
17:05:50.35 (35463911)|CODE_UNIT_STARTED|[EXTERNAL]|execute_anonymous_apex
17:05:50.35 (52079593)|EMAIL_QUEUE|[10]|subject:  CSV, bccSender: false, saveAsActivity: false, useSignature: true, targetObjectId: 00528000001szBz, plainTextBody: Hi,
Please consider the attached report export.
 Thanks,
Salesforce, 
17:05:50.35 (73237135)|CODE_UNIT_FINISHED|execute_anonymous_apex
17:05:50.35 (74831323)|EXECUTION_FINISHED
