36.0 APEX_CODE,DEBUG;APEX_PROFILING,INFO;CALLOUT,INFO;DB,INFO;SYSTEM,DEBUG;VALIDATION,INFO;VISUALFORCE,DEBUG;WAVE,INFO;WORKFLOW,INFO
15:27:07.0 (106514)|USER_INFO|[EXTERNAL]|00528000001szBz|kiran@kmforce.com|Pacific Standard Time|GMT-07:00
15:27:07.0 (151576)|EXECUTION_STARTED
15:27:07.0 (157412)|CODE_UNIT_STARTED|[EXTERNAL]|01p2800000EvTw2|ExportReportService
15:27:07.0 (4452196)|SYSTEM_MODE_ENTER|false
15:27:07.0 (4465878)|SYSTEM_MODE_EXIT|false
15:27:07.0 (4487736)|SYSTEM_MODE_ENTER|false
15:27:07.0 (85585452)|USER_DEBUG|[28]|DEBUG|headerColumnMap-->{
  "ADDRESS1_STATE" : {
    "name" : "ADDRESS1_STATE",
    "label" : "Billing State/Province",
    "dataType" : "STRING_DATA"
  },
  "LAST_UPDATE" : {
    "name" : "LAST_UPDATE",
    "label" : "Last Modified Date",
    "dataType" : "DATETIME_DATA"
  },
  "DUE_DATE" : {
    "name" : "DUE_DATE",
    "label" : "Last Activity",
    "dataType" : "DATE_DATA"
  },
  "RATING" : {
    "name" : "RATING",
    "label" : "Rating",
    "dataType" : "PICKLIST_DATA"
  },
  "TYPE" : {
    "name" : "TYPE",
    "label" : "Type",
    "dataType" : "PICKLIST_DATA"
  },
  "ACCOUNT.NAME" : {
    "name" : "ACCOUNT.NAME",
    "label" : "Account Name",
    "dataType" : "STRING_DATA"
  },
  "USERS.NAME" : {
    "name" : "USERS.NAME",
    "label" : "Account Owner",
    "dataType" : "STRING_DATA"
  }
}
15:27:07.0 (86182741)|USER_DEBUG|[30]|DEBUG|ReportMetadata -->[ "USERS.NAME", "ACCOUNT.NAME", "TYPE", "RATING", "DUE_DATE", "LAST_UPDATE", "ADDRESS1_STATE" ]
15:27:07.0 (86365568)|USER_DEBUG|[33]|DEBUG|Account Owner
15:27:07.0 (86462038)|USER_DEBUG|[33]|DEBUG|Account Name
15:27:07.0 (86520160)|USER_DEBUG|[33]|DEBUG|Type
15:27:07.0 (86576839)|USER_DEBUG|[33]|DEBUG|Rating
15:27:07.0 (86647909)|USER_DEBUG|[33]|DEBUG|Last Activity
15:27:07.0 (86715752)|USER_DEBUG|[33]|DEBUG|Last Modified Date
15:27:07.0 (86772813)|USER_DEBUG|[33]|DEBUG|Billing State/Province
15:27:07.0 (87496540)|USER_DEBUG|[43]|DEBUG|Fact Data-->[ {
  "value" : 12,
  "label" : "12"
} ]
15:27:07.0 (97596570)|USER_DEBUG|[45]|DEBUG|Data rows -->(Reports.ReportDetailRow[dataCells=(Reports.ReportDataCell[label=Kiran Machhewar, value=00528000001szBzAAI], Reports.ReportDataCell[label=sForce, value=0012800000HzD6ZAAV], Reports.ReportDataCell[label=-, value=null], Reports.ReportDataCell[label=-, value=null], Reports.ReportDataCell[label=-, value=null], Reports.ReportDataCell[label=2/1/2016, value=2016-02-01 10:39:18], Reports.ReportDataCell[label=CA, value=CA])], Reports.ReportDetailRow[dataCells=(Reports.ReportDataCell[label=Kiran Machhewar, value=00528000001szBzAAI], Reports.ReportDataCell[label=United Oil & Gas Corp., value=0012800000HzD6TAAV], Reports.ReportDataCell[label=Customer - Direct, value=Customer - Direct], Reports.ReportDataCell[label=Hot, value=Hot], Reports.ReportDataCell[label=-, value=null], Reports.ReportDataCell[label=2/1/2016, value=2016-02-01 10:39:18], Reports.ReportDataCell[label=NY, value=NY])], Reports.ReportDetailRow[dataCells=(Reports.ReportDataCell[label=Kiran Machhewar, value=00528000001szBzAAI], Reports.ReportDataCell[label=University of Arizona, value=0012800000HzD6VAAV], Reports.ReportDataCell[label=Customer - Direct, value=Customer - Direct], Reports.ReportDataCell[label=Warm, value=Warm], Reports.ReportDataCell[label=-, value=null], Reports.ReportDataCell[label=2/1/2016, value=2016-02-01 10:39:18], Reports.ReportDataCell[label=AZ, value=AZ])], Reports.ReportDetailRow[dataCells=(Reports.ReportDataCell[label=Kiran Machhewar, value=00528000001szBzAAI], Reports.ReportDataCell[label=Express Logistics and Transport, value=0012800000HzD6UAAV], Reports.ReportDataCell[label=Customer - Channel, value=Customer - Channel], Reports.ReportDataCell[label=Cold, value=Cold], Reports.ReportDataCell[label=-, value=null], Reports.ReportDataCell[label=2/1/2016, value=2016-02-01 10:39:18], Reports.ReportDataCell[label=OR, value=OR])], Reports.ReportDetailRow[dataCells=(Reports.ReportDataCell[label=Kiran Machhewar, value=00528000001szBzAAI], Reports.ReportDataCell[label=Grand Hotels & Resorts Ltd, value=0012800000HzD6SAAV], Reports.ReportDataCell[label=Customer - Direct, value=Customer - Direct], Reports.ReportDataCell[label=Warm, value=Warm], Reports.ReportDataCell[label=-, value=null], Reports.ReportDataCell[label=2/1/2016, value=2016-02-01 10:39:18], Reports.ReportDataCell[label=IL, value=IL])], Reports.ReportDetailRow[dataCells=(Reports.ReportDataCell[label=Kiran Machhewar, value=00528000001szBzAAI], Reports.ReportDataCell[label=Dickenson plc, value=0012800000HzD6RAAV], Reports.ReportDataCell[label=Customer - Channel, value=Customer - Channel], Reports.ReportDataCell[label=-, value=null], Reports.ReportDataCell[label=-, value=null], Reports.ReportDataCell[label=2/1/2016, value=2016-02-01 10:39:18], Reports.ReportDataCell[label=KS, value=KS])], Reports.ReportDetailRow[dataCells=(Reports.ReportDataCell[label=Kiran Machhewar, value=00528000001szBzAAI], Reports.ReportDataCell[label=Pyramid Construction Inc., value=0012800000HzD6QAAV], Reports.ReportDataCell[label=Customer - Channel, value=Customer - Channel], Reports.ReportDataCell[label=-, value=null], Reports.ReportDataCell[label=-, value=null], Reports.ReportDataCell[label=2/1/2016, value=2016-02-01 10:39:18], Reports.ReportDataCell[label=-, value=null])], Reports.ReportDetailRow[dataCells=(Reports.ReportDataCell[label=Kiran Machhewar, value=00528000001szBzAAI], Reports.ReportDataCell[label=Burlington Textiles Corp of America, value=0012800000HzD6PAAV], Reports.ReportDataCell[label=Customer - Direct, value=Customer - Direct], Reports.ReportDataCell[label=Warm, value=Warm], Reports.ReportDataCell[label=-, value=null], Reports.ReportDataCell[label=2/1/2016, value=2016-02-01 10:39:18], Reports.ReportDataCell[label=NC, value=NC])], Reports.ReportDetailRow[dataCells=(Reports.ReportDataCell[label=Kiran Machhewar, value=00528000001szBzAAI], Reports.ReportDataCell[label=Edge Communications, value=0012800000HzD6OAAV], Reports.ReportDataCell[label=Customer - Direct, value=Customer - Direct], Reports.ReportDataCell[label=Hot, value=Hot], Reports.ReportDataCell[label=-, value=null], Reports.ReportDataCell[label=2/1/2016, value=2016-02-01 10:39:18], Reports.ReportDataCell[label=TX, value=TX])], Reports.ReportDetailRow[dataCells=(Reports.ReportDataCell[label=Kiran Machhewar, value=00528000001szBzAAI], Reports.ReportDataCell[label=United Oil & Gas, Singapore, value=0012800000HzD6XAAV], Reports.ReportDataCell[label=Customer - Direct, value=Customer - Direct], Reports.ReportDataCell[label=-, value=null], Reports.ReportDataCell[label=-, value=null], Reports.ReportDataCell[label=2/1/2016, value=2016-02-01 10:39:18], Reports.ReportDataCell[label=Singapore, value=Singapore])], ...)
15:27:07.0 (142301099)|EMAIL_QUEUE|[77]|subject: All Accounts CSV, bccSender: false, saveAsActivity: true, useSignature: true, toAddresses: [kiran_machhewar@persistent.com, smachhewar@gmail.com], plainTextBody: Hi,
Please consider the attached report export.
 Thanks,
Salesforce, 
15:27:07.0 (142556397)|USER_DEBUG|[78]|DEBUG|CSV File-->"Account Owner","Account Name","Type","Rating","Last Activity","Last Modified Date","Billing State/Province"
"Kiran Machhewar","sForce","","","","2/1/2016","CA"
"Kiran Machhewar","United Oil & Gas Corp.","Customer - Direct","Hot","","2/1/2016","NY"
"Kiran Machhewar","University of Arizona","Customer - Direct","Warm","","2/1/2016","AZ"
"Kiran Machhewar","Express Logistics and Transport","Customer - Channel","Cold","","2/1/2016","OR"
"Kiran Machhewar","Grand Hotels & Resorts Ltd","Customer - Direct","Warm","","2/1/2016","IL"
"Kiran Machhewar","Dickenson plc","Customer - Channel","","","2/1/2016","KS"
"Kiran Machhewar","Pyramid Construction Inc.","Customer - Channel","","","2/1/2016",""
"Kiran Machhewar","Burlington Textiles Corp of America","Customer - Direct","Warm","","2/1/2016","NC"
"Kiran Machhewar","Edge Communications","Customer - Direct","Hot","","2/1/2016","TX"
"Kiran Machhewar","United Oil & Gas, Singapore","Customer - Direct","","","2/1/2016","Singapore"
"Kiran Machhewar","United Oil & Gas, UK","Customer - Direct","","","2/1/2016","UK"
"Kiran Machhewar","GenePoint","Customer - Channel","Cold","","2/1/2016","CA"
15:27:07.0 (142597123)|SYSTEM_MODE_EXIT|false
15:27:07.0 (142616747)|CODE_UNIT_FINISHED|ExportReportService
15:27:07.0 (144553761)|EXECUTION_FINISHED
