39.0 APEX_CODE,DEBUG;APEX_PROFILING,INFO;CALLOUT,INFO;DB,INFO;SYSTEM,DEBUG;VALIDATION,INFO;VISUALFORCE,DEBUG;WAVE,INFO;WORKFLOW,INFO
18:00:29.0 (612271)|EXECUTION_STARTED
18:00:29.0 (657148)|CODE_UNIT_STARTED|[EXTERNAL]|VisualForce View State
18:00:29.0 (11117040)|CODE_UNIT_FINISHED|VisualForce View State
18:00:29.0 (13263699)|EXECUTION_FINISHED
18:00:29.15 (15203300)|SYSTEM_MODE_ENTER|true
18:00:29.276 (276605501)|CUMULATIVE_LIMIT_USAGE
18:00:29.276 (276605501)|LIMIT_USAGE_FOR_NS|(default)|
  Number of SOQL queries: 0 out of 100
  Number of query rows: 0 out of 50000
  Number of SOSL queries: 0 out of 20
  Number of DML statements: 0 out of 150
  Number of DML rows: 0 out of 10000
  Maximum CPU time: 0 out of 10000
  Maximum heap size: 0 out of 6000000
  Number of callouts: 0 out of 100
  Number of Email Invocations: 0 out of 10
  Number of future calls: 0 out of 50
  Number of queueable jobs added to the queue: 0 out of 50
  Number of Mobile Apex push calls: 0 out of 10

18:00:29.276 (276605501)|CUMULATIVE_LIMIT_USAGE_END

