39.0 APEX_CODE,DEBUG;APEX_PROFILING,INFO;CALLOUT,INFO;DB,INFO;SYSTEM,DEBUG;VALIDATION,INFO;VISUALFORCE,DEBUG;WAVE,INFO;WORKFLOW,INFO
16:14:12.0 (125149)|USER_INFO|[EXTERNAL]|00528000001szBz|kiran@kmforce.com|Pacific Standard Time|GMT-07:00
16:14:12.0 (172314)|EXECUTION_STARTED
16:14:12.0 (177136)|CODE_UNIT_STARTED|[EXTERNAL]|EmailReportExport
16:14:12.0 (2016293)|SYSTEM_MODE_ENTER|false
16:14:12.0 (2030858)|SYSTEM_MODE_EXIT|false
16:14:12.0 (2041106)|SYSTEM_MODE_ENTER|false
16:14:12.0 (2048771)|SYSTEM_MODE_EXIT|false
16:14:12.0 (2052177)|SYSTEM_MODE_ENTER|false
16:14:12.0 (2054036)|SYSTEM_MODE_EXIT|false
16:14:12.0 (2090353)|SYSTEM_MODE_ENTER|false
16:14:12.0 (43302038)|USER_DEBUG|[21]|DEBUG|Account Owner
16:14:12.0 (43371031)|USER_DEBUG|[21]|DEBUG|Account Name
16:14:12.0 (43402695)|USER_DEBUG|[21]|DEBUG|Rating
16:14:12.0 (43431470)|USER_DEBUG|[21]|DEBUG|Type
16:14:12.0 (43460207)|USER_DEBUG|[21]|DEBUG|Last Activity
16:14:12.0 (43488650)|USER_DEBUG|[21]|DEBUG|Last Modified Date
16:14:12.0 (43516891)|USER_DEBUG|[21]|DEBUG|Billing State/Province
16:14:12.0 (57426057)|EMAIL_QUEUE|[60]|subject: All Accounts CSV, bccSender: false, saveAsActivity: false, useSignature: true, targetObjectId: 00528000001szBz, plainTextBody: Hi,
Please consider the attached report export.
 Thanks,
Salesforce, 
16:14:12.0 (57590545)|USER_DEBUG|[61]|DEBUG|CSV File-->
"Account Owner","Account Name","Rating","Type","Last Activity","Last Modified Date","Billing State/Province"
"Kiran Machhewar","sForce","","","","2/1/2016","CA"
"Kiran Machhewar","United Oil & Gas Corp.","Hot","Customer - Direct","","2/1/2016","NY"
"Kiran Machhewar","University of Arizona","Warm","Customer - Direct","","2/1/2016","AZ"
"Kiran Machhewar","Express Logistics and Transport","Cold","Customer - Channel","","2/1/2016","OR"
"Kiran Machhewar","Grand Hotels & Resorts Ltd","Warm","Customer - Direct","","2/1/2016","IL"
"Kiran Machhewar","Dickenson plc","","Customer - Channel","","2/1/2016","KS"
"Kiran Machhewar","Pyramid Construction Inc.","","Customer - Channel","","2/1/2016",""
"Kiran Machhewar","Burlington Textiles Corp of America","Warm","Customer - Direct","","2/1/2016","NC"
"Kiran Machhewar","Edge Communications","Hot","Customer - Direct","","2/1/2016","TX"
"Kiran Machhewar","United Oil & Gas, Singapore","","Customer - Direct","","2/1/2016","Singapore"
"Kiran Machhewar","United Oil & Gas, UK","","Customer - Direct","","2/1/2016","UK"
"Kiran Machhewar","GenePoint","Cold","Customer - Channel","","2/1/2016","CA"
16:14:12.0 (57618228)|SYSTEM_MODE_EXIT|false
16:14:12.0 (57633983)|CODE_UNIT_FINISHED|EmailReportExport
16:14:12.0 (59840049)|EXECUTION_FINISHED
