39.0 APEX_CODE,DEBUG;APEX_PROFILING,INFO;CALLOUT,INFO;DB,INFO;SYSTEM,DEBUG;VALIDATION,INFO;VISUALFORCE,DEBUG;WAVE,INFO;WORKFLOW,INFO
16:00:15.0 (215803)|USER_INFO|[EXTERNAL]|00528000001szBz|kiran@kmforce.com|Pacific Standard Time|GMT-07:00
16:00:15.0 (274147)|EXECUTION_STARTED
16:00:15.0 (281262)|CODE_UNIT_STARTED|[EXTERNAL]|EmailReportExport
16:00:15.0 (3555548)|SYSTEM_MODE_ENTER|false
16:00:15.0 (3581123)|SYSTEM_MODE_EXIT|false
16:00:15.0 (3608282)|SYSTEM_MODE_ENTER|false
16:00:15.0 (3626626)|SYSTEM_MODE_EXIT|false
16:00:15.0 (3636489)|SYSTEM_MODE_ENTER|false
16:00:15.0 (3642629)|SYSTEM_MODE_EXIT|false
16:00:15.0 (3734934)|SYSTEM_MODE_ENTER|false
16:00:15.0 (67204491)|USER_DEBUG|[21]|DEBUG|Account Owner
16:00:15.0 (67316440)|USER_DEBUG|[21]|DEBUG|Account Name
16:00:15.0 (67374859)|USER_DEBUG|[21]|DEBUG|Type
16:00:15.0 (67450574)|USER_DEBUG|[21]|DEBUG|Rating
16:00:15.0 (67491658)|USER_DEBUG|[21]|DEBUG|Last Activity
16:00:15.0 (67534093)|USER_DEBUG|[21]|DEBUG|Last Modified Date
16:00:15.0 (67581303)|USER_DEBUG|[21]|DEBUG|Billing State/Province
16:00:15.0 (88339854)|EXCEPTION_THROWN|[61]|System.EmailException: SendEmail failed. First exception on row 0; first error: INVALID_SAVE_AS_ACTIVITY_FLAG, saveAsActivity must be false when sending mail to users.: [saveAsActivity, true]
16:00:15.0 (88929544)|FATAL_ERROR|System.EmailException: SendEmail failed. First exception on row 0; first error: INVALID_SAVE_AS_ACTIVITY_FLAG, saveAsActivity must be false when sending mail to users.: [saveAsActivity, true]

Class.ExportReportService.createCSVFile: line 61, column 1
Class.EmailReportExport.execute: line 4, column 1
16:00:15.0 (88952472)|CODE_UNIT_FINISHED|EmailReportExport
16:00:15.0 (90252448)|EXECUTION_FINISHED
