39.0 APEX_CODE,DEBUG;APEX_PROFILING,INFO;CALLOUT,INFO;DB,INFO;SYSTEM,DEBUG;VALIDATION,INFO;VISUALFORCE,DEBUG;WAVE,INFO;WORKFLOW,INFO
15:10:51.0 (107361)|EXECUTION_STARTED
15:10:51.0 (150055)|CODE_UNIT_STARTED|[EXTERNAL]|VisualForce View State
15:10:51.0 (8778639)|CODE_UNIT_FINISHED|VisualForce View State
15:10:51.0 (11042126)|EXECUTION_FINISHED
15:10:51.12 (12546162)|SYSTEM_MODE_ENTER|true
15:10:51.216 (216970933)|CUMULATIVE_LIMIT_USAGE
15:10:51.216 (216970933)|LIMIT_USAGE_FOR_NS|(default)|
  Number of SOQL queries: 0 out of 100
  Number of query rows: 0 out of 50000
  Number of SOSL queries: 0 out of 20
  Number of DML statements: 0 out of 150
  Number of DML rows: 0 out of 10000
  Maximum CPU time: 0 out of 10000
  Maximum heap size: 0 out of 6000000
  Number of callouts: 0 out of 100
  Number of Email Invocations: 0 out of 10
  Number of future calls: 0 out of 50
  Number of queueable jobs added to the queue: 0 out of 50
  Number of Mobile Apex push calls: 0 out of 10

15:10:51.216 (216970933)|CUMULATIVE_LIMIT_USAGE_END

