39.0 APEX_CODE,DEBUG;APEX_PROFILING,INFO;CALLOUT,INFO;DB,INFO;SYSTEM,DEBUG;VALIDATION,INFO;VISUALFORCE,DEBUG;WAVE,INFO;WORKFLOW,INFO
16:11:31.0 (537761)|EXECUTION_STARTED
16:11:31.0 (579577)|CODE_UNIT_STARTED|[EXTERNAL]|VisualForce View State
16:11:31.0 (10329057)|CODE_UNIT_FINISHED|VisualForce View State
16:11:31.0 (11841982)|EXECUTION_FINISHED
16:11:31.15 (15594509)|SYSTEM_MODE_ENTER|false
16:11:31.182 (182584191)|CUMULATIVE_LIMIT_USAGE
16:11:31.182 (182584191)|LIMIT_USAGE_FOR_NS|(default)|
  Number of SOQL queries: 0 out of 100
  Number of query rows: 0 out of 50000
  Number of SOSL queries: 0 out of 20
  Number of DML statements: 0 out of 150
  Number of DML rows: 0 out of 10000
  Maximum CPU time: 0 out of 10000
  Maximum heap size: 0 out of 6000000
  Number of callouts: 0 out of 100
  Number of Email Invocations: 0 out of 10
  Number of future calls: 0 out of 50
  Number of queueable jobs added to the queue: 0 out of 50
  Number of Mobile Apex push calls: 0 out of 10

16:11:31.182 (182584191)|CUMULATIVE_LIMIT_USAGE_END

