39.0 APEX_CODE,DEBUG;APEX_PROFILING,INFO;CALLOUT,INFO;DB,INFO;SYSTEM,DEBUG;VALIDATION,INFO;VISUALFORCE,DEBUG;WAVE,INFO;WORKFLOW,INFO
15:54:26.0 (565484)|USER_INFO|[EXTERNAL]|00528000001szBz|kiran@kmforce.com|Pacific Standard Time|GMT-07:00
15:54:26.0 (606123)|EXECUTION_STARTED
15:54:26.0 (609717)|CODE_UNIT_STARTED|[EXTERNAL]|EmailReportExport
15:54:26.0 (3480959)|SYSTEM_MODE_ENTER|false
15:54:26.0 (3561319)|SYSTEM_MODE_EXIT|false
15:54:26.0 (3579911)|SYSTEM_MODE_ENTER|false
15:54:26.0 (3589823)|SYSTEM_MODE_EXIT|false
15:54:26.0 (3593598)|SYSTEM_MODE_ENTER|false
15:54:26.0 (3595726)|SYSTEM_MODE_EXIT|false
15:54:26.0 (3668150)|SYSTEM_MODE_ENTER|false
15:54:26.0 (58875876)|USER_DEBUG|[21]|DEBUG|Account Owner
15:54:26.0 (58954038)|USER_DEBUG|[21]|DEBUG|Account Name
15:54:26.0 (58986447)|USER_DEBUG|[21]|DEBUG|Type
15:54:26.0 (59020356)|USER_DEBUG|[21]|DEBUG|Rating
15:54:26.0 (59055463)|USER_DEBUG|[21]|DEBUG|Last Activity
15:54:26.0 (59085611)|USER_DEBUG|[21]|DEBUG|Last Modified Date
15:54:26.0 (59114976)|USER_DEBUG|[21]|DEBUG|Billing State/Province
15:54:26.0 (112070894)|EMAIL_QUEUE|[60]|subject: All Accounts CSV, bccSender: false, saveAsActivity: true, useSignature: true, toAddresses: [kiran_machhewar@persistent.com, smachhewar@gmail.com], plainTextBody: Hi,
Please consider the attached report export.
 Thanks,
Salesforce, 
15:54:26.0 (112434504)|USER_DEBUG|[61]|DEBUG|CSV File-->"Account Owner","Account Name","Type","Rating","Last Activity","Last Modified Date","Billing State/Province"
"Kiran Machhewar","sForce","","","","2/1/2016","CA"
"Kiran Machhewar","United Oil & Gas Corp.","Customer - Direct","Hot","","2/1/2016","NY"
"Kiran Machhewar","University of Arizona","Customer - Direct","Warm","","2/1/2016","AZ"
"Kiran Machhewar","Express Logistics and Transport","Customer - Channel","Cold","","2/1/2016","OR"
"Kiran Machhewar","Grand Hotels & Resorts Ltd","Customer - Direct","Warm","","2/1/2016","IL"
"Kiran Machhewar","Dickenson plc","Customer - Channel","","","2/1/2016","KS"
"Kiran Machhewar","Pyramid Construction Inc.","Customer - Channel","","","2/1/2016",""
"Kiran Machhewar","Burlington Textiles Corp of America","Customer - Direct","Warm","","2/1/2016","NC"
"Kiran Machhewar","Edge Communications","Customer - Direct","Hot","","2/1/2016","TX"
"Kiran Machhewar","United Oil & Gas, Singapore","Customer - Direct","","","2/1/2016","Singapore"
"Kiran Machhewar","United Oil & Gas, UK","Customer - Direct","","","2/1/2016","UK"
"Kiran Machhewar","GenePoint","Customer - Channel","Cold","","2/1/2016","CA"
15:54:26.0 (112494138)|SYSTEM_MODE_EXIT|false
15:54:26.0 (112523672)|CODE_UNIT_FINISHED|EmailReportExport
15:54:26.0 (114654079)|EXECUTION_FINISHED
