39.0 APEX_CODE,DEBUG
Execute Anonymous: ExportReportService.main();
13:17:26.164 (164322201)|USER_INFO|[EXTERNAL]|00528000001szBz|kiran@kmforce.com|Pacific Standard Time|GMT-07:00
13:17:26.164 (164347918)|EXECUTION_STARTED
13:17:26.164 (164352562)|CODE_UNIT_STARTED|[EXTERNAL]|execute_anonymous_apex
13:17:26.164 (255638407)|USER_DEBUG|[22]|DEBUG|headerColumnMap-->{
  "ADDRESS1_STATE" : {
    "name" : "ADDRESS1_STATE",
    "label" : "Billing State/Province",
    "dataType" : "STRING_DATA"
  },
  "LAST_UPDATE" : {
    "name" : "LAST_UPDATE",
    "label" : "Last Modified Date",
    "dataType" : "DATETIME_DATA"
  },
  "DUE_DATE" : {
    "name" : "DUE_DATE",
    "label" : "Last Activity",
    "dataType" : "DATE_DATA"
  },
  "RATING" : {
    "name" : "RATING",
    "label" : "Rating",
    "dataType" : "PICKLIST_DATA"
  },
  "TYPE" : {
    "name" : "TYPE",
    "label" : "Type",
    "dataType" : "PICKLIST_DATA"
  },
  "ACCOUNT.NAME" : {
    "name" : "ACCOUNT.NAME",
    "label" : "Account Name",
    "dataType" : "STRING_DATA"
  },
  "USERS.NAME" : {
    "name" : "USERS.NAME",
    "label" : "Account Owner",
    "dataType" : "STRING_DATA"
  }
}
13:17:26.164 (255834075)|USER_DEBUG|[24]|DEBUG|ReportMetadata -->[ "USERS.NAME", "ACCOUNT.NAME", "TYPE", "RATING", "DUE_DATE", "LAST_UPDATE", "ADDRESS1_STATE" ]
13:17:26.164 (255847912)|USER_DEBUG|[5]|DEBUG|
13:17:26.164 (255899264)|CODE_UNIT_FINISHED|execute_anonymous_apex
13:17:26.164 (257930357)|EXECUTION_FINISHED
