36.0 APEX_CODE,DEBUG;APEX_PROFILING,INFO;CALLOUT,INFO;DB,INFO;SYSTEM,DEBUG;VALIDATION,INFO;VISUALFORCE,DEBUG;WAVE,INFO;WORKFLOW,INFO
15:16:24.0 (592520)|USER_INFO|[EXTERNAL]|00528000001szBz|kiran@kmforce.com|Pacific Standard Time|GMT-07:00
15:16:24.0 (632635)|EXECUTION_STARTED
15:16:24.0 (636941)|CODE_UNIT_STARTED|[EXTERNAL]|FutureHandler - state load
15:16:24.0 (3365850)|CODE_UNIT_FINISHED|FutureHandler - state load
15:16:24.0 (5086955)|EXECUTION_FINISHED
15:16:24.17 (17769267)|USER_INFO|[EXTERNAL]|00528000001szBz|kiran@kmforce.com|Pacific Standard Time|GMT-07:00
15:16:24.17 (17785520)|EXECUTION_STARTED
15:16:24.17 (17789097)|CODE_UNIT_STARTED|[EXTERNAL]|01p2800000EvTw2|ExportReportService.createCSVFile
15:16:24.17 (19322379)|SYSTEM_MODE_ENTER|false
15:16:24.17 (19341497)|SYSTEM_MODE_EXIT|false
15:16:24.17 (19359847)|SYSTEM_MODE_ENTER|false
15:16:24.17 (38421678)|SYSTEM_MODE_EXIT|false
15:16:24.17 (38498260)|FATAL_ERROR|System.UnexpectedException: Salesforce System Error: 281927318-14002 (-871370970) (-871370970)

Class.reports.ReportManager.runReport: line 15, column 1
Class.ExportReportService.createCSVFile: line 22, column 1
15:16:24.17 (38511832)|FATAL_ERROR|System.UnexpectedException: Salesforce System Error: 281927318-14002 (-871370970) (-871370970)

Class.reports.ReportManager.runReport: line 15, column 1
Class.ExportReportService.createCSVFile: line 22, column 1
15:16:24.38 (38521540)|CUMULATIVE_LIMIT_USAGE
15:16:24.38 (38521540)|LIMIT_USAGE_FOR_NS|(default)|
  Number of SOQL queries: 0 out of 200
  Number of query rows: 0 out of 50000
  Number of SOSL queries: 0 out of 20
  Number of DML statements: 0 out of 150
  Number of DML rows: 0 out of 10000
  Maximum CPU time: 0 out of 60000
  Maximum heap size: 0 out of 12000000
  Number of callouts: 0 out of 100
  Number of Email Invocations: 0 out of 10
  Number of future calls: 0 out of 50
  Number of queueable jobs added to the queue: 0 out of 1
  Number of Mobile Apex push calls: 0 out of 10

15:16:24.38 (38521540)|CUMULATIVE_LIMIT_USAGE_END

15:16:24.17 (38577903)|CODE_UNIT_FINISHED|ExportReportService.createCSVFile
15:16:24.17 (41053372)|EXECUTION_FINISHED
