39.0 APEX_CODE,DEBUG
Execute Anonymous: ExportReportService.main();
13:34:49.118 (118156071)|USER_INFO|[EXTERNAL]|00528000001szBz|kiran@kmforce.com|Pacific Standard Time|GMT-07:00
13:34:49.118 (118170997)|EXECUTION_STARTED
13:34:49.118 (118174114)|CODE_UNIT_STARTED|[EXTERNAL]|execute_anonymous_apex
13:34:49.118 (301338264)|USER_DEBUG|[22]|DEBUG|headerColumnMap-->{
  "ADDRESS1_STATE" : {
    "name" : "ADDRESS1_STATE",
    "label" : "Billing State/Province",
    "dataType" : "STRING_DATA"
  },
  "LAST_UPDATE" : {
    "name" : "LAST_UPDATE",
    "label" : "Last Modified Date",
    "dataType" : "DATETIME_DATA"
  },
  "DUE_DATE" : {
    "name" : "DUE_DATE",
    "label" : "Last Activity",
    "dataType" : "DATE_DATA"
  },
  "RATING" : {
    "name" : "RATING",
    "label" : "Rating",
    "dataType" : "PICKLIST_DATA"
  },
  "TYPE" : {
    "name" : "TYPE",
    "label" : "Type",
    "dataType" : "PICKLIST_DATA"
  },
  "ACCOUNT.NAME" : {
    "name" : "ACCOUNT.NAME",
    "label" : "Account Name",
    "dataType" : "STRING_DATA"
  },
  "USERS.NAME" : {
    "name" : "USERS.NAME",
    "label" : "Account Owner",
    "dataType" : "STRING_DATA"
  }
}
13:34:49.118 (301475707)|USER_DEBUG|[24]|DEBUG|ReportMetadata -->[ "USERS.NAME", "ACCOUNT.NAME", "TYPE", "RATING", "DUE_DATE", "LAST_UPDATE", "ADDRESS1_STATE" ]
13:34:49.118 (301522343)|USER_DEBUG|[27]|DEBUG|Account Owner
13:34:49.118 (301536690)|USER_DEBUG|[27]|DEBUG|Account Name
13:34:49.118 (301544315)|USER_DEBUG|[27]|DEBUG|Type
13:34:49.118 (301550921)|USER_DEBUG|[27]|DEBUG|Rating
13:34:49.118 (301557472)|USER_DEBUG|[27]|DEBUG|Last Activity
13:34:49.118 (301563975)|USER_DEBUG|[27]|DEBUG|Last Modified Date
13:34:49.118 (301570398)|USER_DEBUG|[27]|DEBUG|Billing State/Province
13:34:49.118 (301851970)|USER_DEBUG|[37]|DEBUG|Fact Data-->[ {
  "value" : 12,
  "label" : "12"
} ]
13:34:49.118 (303549825)|USER_DEBUG|[39]|DEBUG|Data rows -->(Reports.ReportDetailRow[dataCells=(Reports.ReportDataCell[label=Kiran Machhewar, value=00528000001szBzAAI], Reports.ReportDataCell[label=sForce, value=0012800000HzD6ZAAV], Reports.ReportDataCell[label=-, value=null], Reports.ReportDataCell[label=-, value=null], Reports.ReportDataCell[label=-, value=null], Reports.ReportDataCell[label=2/1/2016, value=2016-02-01 10:39:18], Reports.ReportDataCell[label=CA, value=CA])], Reports.ReportDetailRow[dataCells=(Reports.ReportDataCell[label=Kiran Machhewar, value=00528000001szBzAAI], Reports.ReportDataCell[label=United Oil & Gas Corp., value=0012800000HzD6TAAV], Reports.ReportDataCell[label=Customer - Direct, value=Customer - Direct], Reports.ReportDataCell[label=Hot, value=Hot], Reports.ReportDataCell[label=-, value=null], Reports.ReportDataCell[label=2/1/2016, value=2016-02-01 10:39:18], Reports.ReportDataCell[label=NY, value=NY])], Reports.ReportDetailRow[dataCells=(Reports.ReportDataCell[label=Kiran Machhewar, value=00528000001szBzAAI], Reports.ReportDataCell[label=University of Arizona, value=0012800000HzD6VAAV], Reports.ReportDataCell[label=Customer - Direct, value=Customer - Direct], Reports.ReportDataCell[label=Warm, value=Warm], Reports.ReportDataCell[label=-, value=null], Reports.ReportDataCell[label=2/1/2016, value=2016-02-01 10:39:18], Reports.ReportDataCell[label=AZ, value=AZ])], Reports.ReportDetailRow[dataCells=(Reports.ReportDataCell[label=Kiran Machhewar, value=00528000001szBzAAI], Reports.ReportDataCell[label=Express Logistics and Transport, value=0012800000HzD6UAAV], Reports.ReportDataCell[label=Customer - Channel, value=Customer - Channel], Reports.ReportDataCell[label=Cold, value=Cold], Reports.ReportDataCell[label=-, value=null], Reports.ReportDataCell[label=2/1/2016, value=2016-02-01 10:39:18], Reports.ReportDataCell[label=OR, value=OR])], Reports.ReportDetailRow[dataCells=(Reports.ReportDataCell[label=Kiran Machhewar, value=00528000001szBzAAI], Reports.ReportDataCell[label=Grand Hotels & Resorts Ltd, value=0012800000HzD6SAAV], Reports.ReportDataCell[label=Customer - Direct, value=Customer - Direct], Reports.ReportDataCell[label=Warm, value=Warm], Reports.ReportDataCell[label=-, value=null], Reports.ReportDataCell[label=2/1/2016, value=2016-02-01 10:39:18], Reports.ReportDataCell[label=IL, value=IL])], Reports.ReportDetailRow[dataCells=(Reports.ReportDataCell[label=Kiran Machhewar, value=00528000001szBzAAI], Reports.ReportDataCell[label=Dickenson plc, value=0012800000HzD6RAAV], Reports.ReportDataCell[label=Customer - Channel, value=Customer - Channel], Reports.ReportDataCell[label=-, value=null], Reports.ReportDataCell[label=-, value=null], Reports.ReportDataCell[label=2/1/2016, value=2016-02-01 10:39:18], Reports.ReportDataCell[label=KS, value=KS])], Reports.ReportDetailRow[dataCells=(Reports.ReportDataCell[label=Kiran Machhewar, value=00528000001szBzAAI], Reports.ReportDataCell[label=Pyramid Construction Inc., value=0012800000HzD6QAAV], Reports.ReportDataCell[label=Customer - Channel, value=Customer - Channel], Reports.ReportDataCell[label=-, value=null], Reports.ReportDataCell[label=-, value=null], Reports.ReportDataCell[label=2/1/2016, value=2016-02-01 10:39:18], Reports.ReportDataCell[label=-, value=null])], Reports.ReportDetailRow[dataCells=(Reports.ReportDataCell[label=Kiran Machhewar, value=00528000001szBzAAI], Reports.ReportDataCell[label=Burlington Textiles Corp of America, value=0012800000HzD6PAAV], Reports.ReportDataCell[label=Customer - Direct, value=Customer - Direct], Reports.ReportDataCell[label=Warm, value=Warm], Reports.ReportDataCell[label=-, value=null], Reports.ReportDataCell[label=2/1/2016, value=2016-02-01 10:39:18], Reports.ReportDataCell[label=NC, value=NC])], Reports.ReportDetailRow[dataCells=(Reports.ReportDataCell[label=Kiran Machhewar, value=00528000001szBzAAI], Reports.ReportDataCell[label=Edge Communications, value=0012800000HzD6OAAV], Reports.ReportDataCell[label=Customer - Direct, value=Customer - Direct], Reports.ReportDataCell[label=Hot, value=Hot], Reports.ReportDataCell[label=-, value=null], Reports.ReportDataCell[label=2/1/2016, value=2016-02-01 10:39:18], Reports.ReportDataCell[label=TX, value=TX])], Reports.ReportDetailRow[dataCells=(Reports.ReportDataCell[label=Kiran Machhewar, value=00528000001szBzAAI], Reports.ReportDataCell[label=United Oil & Gas, Singapore, value=0012800000HzD6XAAV], Reports.ReportDataCell[label=Customer - Direct, value=Customer - Direct], Reports.ReportDataCell[label=-, value=null], Reports.ReportDataCell[label=-, value=null], Reports.ReportDataCell[label=2/1/2016, value=2016-02-01 10:39:18], Reports.ReportDataCell[label=Singapore, value=Singapore])], ...)
13:34:49.118 (303585375)|USER_DEBUG|[42]|DEBUG|CSV File-->"Account Owner","Account Name","Type","Rating","Last Activity","Last Modified Date","Billing State/Province"
13:34:49.118 (303594027)|USER_DEBUG|[5]|DEBUG|"Account Owner","Account Name","Type","Rating","Last Activity","Last Modified Date","Billing State/Province"
13:34:49.118 (303636592)|CODE_UNIT_FINISHED|execute_anonymous_apex
13:34:49.118 (305558109)|EXECUTION_FINISHED
