39.0 APEX_CODE,DEBUG;APEX_PROFILING,INFO;CALLOUT,INFO;DB,INFO;SYSTEM,DEBUG;VALIDATION,INFO;VISUALFORCE,DEBUG;WAVE,INFO;WORKFLOW,INFO
14:55:10.3 (3126839)|EXECUTION_STARTED
14:55:10.3 (3184174)|CODE_UNIT_STARTED|[EXTERNAL]|VisualForce View State
14:55:10.3 (23330881)|CODE_UNIT_FINISHED|VisualForce View State
14:55:10.3 (29929651)|EXECUTION_FINISHED
14:55:10.36 (36433047)|SYSTEM_MODE_ENTER|true
14:55:10.167 (167731480)|CUMULATIVE_LIMIT_USAGE
14:55:10.167 (167731480)|LIMIT_USAGE_FOR_NS|(default)|
  Number of SOQL queries: 0 out of 100
  Number of query rows: 0 out of 50000
  Number of SOSL queries: 0 out of 20
  Number of DML statements: 0 out of 150
  Number of DML rows: 0 out of 10000
  Maximum CPU time: 0 out of 10000
  Maximum heap size: 0 out of 6000000
  Number of callouts: 0 out of 100
  Number of Email Invocations: 0 out of 10
  Number of future calls: 0 out of 50
  Number of queueable jobs added to the queue: 0 out of 50
  Number of Mobile Apex push calls: 0 out of 10

14:55:10.167 (167731480)|CUMULATIVE_LIMIT_USAGE_END

