39.0 APEX_CODE,DEBUG
Execute Anonymous: ExportReportService.main();
13:18:53.153 (153053394)|USER_INFO|[EXTERNAL]|00528000001szBz|kiran@kmforce.com|Pacific Standard Time|GMT-07:00
13:18:53.153 (153075740)|EXECUTION_STARTED
13:18:53.153 (153088377)|CODE_UNIT_STARTED|[EXTERNAL]|execute_anonymous_apex
13:18:53.153 (266979096)|USER_DEBUG|[22]|DEBUG|headerColumnMap-->{
  "ADDRESS1_STATE" : {
    "name" : "ADDRESS1_STATE",
    "label" : "Billing State/Province",
    "dataType" : "STRING_DATA"
  },
  "LAST_UPDATE" : {
    "name" : "LAST_UPDATE",
    "label" : "Last Modified Date",
    "dataType" : "DATETIME_DATA"
  },
  "DUE_DATE" : {
    "name" : "DUE_DATE",
    "label" : "Last Activity",
    "dataType" : "DATE_DATA"
  },
  "RATING" : {
    "name" : "RATING",
    "label" : "Rating",
    "dataType" : "PICKLIST_DATA"
  },
  "TYPE" : {
    "name" : "TYPE",
    "label" : "Type",
    "dataType" : "PICKLIST_DATA"
  },
  "ACCOUNT.NAME" : {
    "name" : "ACCOUNT.NAME",
    "label" : "Account Name",
    "dataType" : "STRING_DATA"
  },
  "USERS.NAME" : {
    "name" : "USERS.NAME",
    "label" : "Account Owner",
    "dataType" : "STRING_DATA"
  }
}
13:18:53.153 (267162256)|USER_DEBUG|[24]|DEBUG|ReportMetadata -->[ "USERS.NAME", "ACCOUNT.NAME", "TYPE", "RATING", "DUE_DATE", "LAST_UPDATE", "ADDRESS1_STATE" ]
13:18:53.153 (267349001)|USER_DEBUG|[26]|DEBUG|Reports.DetailColumn[dataType=STRING_DATA, label=Account Owner, name=USERS.NAME]
13:18:53.153 (267426871)|USER_DEBUG|[26]|DEBUG|Reports.DetailColumn[dataType=STRING_DATA, label=Account Name, name=ACCOUNT.NAME]
13:18:53.153 (267498709)|USER_DEBUG|[26]|DEBUG|Reports.DetailColumn[dataType=PICKLIST_DATA, label=Type, name=TYPE]
13:18:53.153 (267569127)|USER_DEBUG|[26]|DEBUG|Reports.DetailColumn[dataType=PICKLIST_DATA, label=Rating, name=RATING]
13:18:53.153 (267638628)|USER_DEBUG|[26]|DEBUG|Reports.DetailColumn[dataType=DATE_DATA, label=Last Activity, name=DUE_DATE]
13:18:53.153 (267710141)|USER_DEBUG|[26]|DEBUG|Reports.DetailColumn[dataType=DATETIME_DATA, label=Last Modified Date, name=LAST_UPDATE]
13:18:53.153 (267780294)|USER_DEBUG|[26]|DEBUG|Reports.DetailColumn[dataType=STRING_DATA, label=Billing State/Province, name=ADDRESS1_STATE]
13:18:53.153 (267800805)|USER_DEBUG|[5]|DEBUG|
13:18:53.153 (267856476)|CODE_UNIT_FINISHED|execute_anonymous_apex
13:18:53.153 (269754241)|EXECUTION_FINISHED
