39.0 APEX_CODE,DEBUG;APEX_PROFILING,INFO;CALLOUT,INFO;DB,INFO;SYSTEM,DEBUG;VALIDATION,INFO;VISUALFORCE,DEBUG;WAVE,INFO;WORKFLOW,INFO
16:38:48.0 (683176)|USER_INFO|[EXTERNAL]|00528000001szBz|kiran@kmforce.com|Pacific Standard Time|GMT-07:00
16:38:48.0 (736982)|EXECUTION_STARTED
16:38:48.0 (759226)|CODE_UNIT_STARTED|[EXTERNAL]|EmailReportExport
16:38:48.0 (4996541)|SYSTEM_MODE_ENTER|false
16:38:48.0 (5011313)|SYSTEM_MODE_EXIT|false
16:38:48.0 (5028534)|SYSTEM_MODE_ENTER|false
16:38:48.0 (5037843)|SYSTEM_MODE_EXIT|false
16:38:48.0 (5041995)|SYSTEM_MODE_ENTER|false
16:38:48.0 (5044345)|SYSTEM_MODE_EXIT|false
16:38:48.0 (5132353)|SYSTEM_MODE_ENTER|false
16:38:48.0 (65767533)|USER_DEBUG|[20]|DEBUG|Account Owner
16:38:48.0 (65845051)|USER_DEBUG|[20]|DEBUG|Account Name
16:38:48.0 (65881603)|USER_DEBUG|[20]|DEBUG|Rating
16:38:48.0 (65914763)|USER_DEBUG|[20]|DEBUG|Type
16:38:48.0 (65956702)|USER_DEBUG|[20]|DEBUG|Last Activity
16:38:48.0 (65990462)|USER_DEBUG|[20]|DEBUG|Last Modified Date
16:38:48.0 (66022893)|USER_DEBUG|[20]|DEBUG|Billing State/Province
16:38:48.0 (97754227)|EMAIL_QUEUE|[59]|subject: All Accounts CSV, bccSender: false, saveAsActivity: false, useSignature: true, targetObjectId: 00528000001szBz, plainTextBody: Hi,
Please consider the attached report export.
 Thanks,
Salesforce, 
16:38:48.0 (98012794)|USER_DEBUG|[60]|DEBUG|CSV File-->
"Account Owner","Account Name","Rating","Type","Last Activity","Last Modified Date","Billing State/Province"
"Kiran Machhewar","sForce","","","","2/1/2016","CA"
"Kiran Machhewar","United Oil & Gas Corp.","Hot","Customer - Direct","","2/1/2016","NY"
"Kiran Machhewar","University of Arizona","Warm","Customer - Direct","","2/1/2016","AZ"
"Kiran Machhewar","Express Logistics and Transport","Cold","Customer - Channel","","2/1/2016","OR"
"Kiran Machhewar","Grand Hotels & Resorts Ltd","Warm","Customer - Direct","","2/1/2016","IL"
"Kiran Machhewar","Dickenson plc","","Customer - Channel","","2/1/2016","KS"
"Kiran Machhewar","Pyramid Construction Inc.","","Customer - Channel","","2/1/2016",""
"Kiran Machhewar","Burlington Textiles Corp of America","Warm","Customer - Direct","","2/1/2016","NC"
"Kiran Machhewar","Edge Communications","Hot","Customer - Direct","","2/1/2016","TX"
"Kiran Machhewar","United Oil & Gas, Singapore","","Customer - Direct","","2/1/2016","Singapore"
"Kiran Machhewar","United Oil & Gas, UK","","Customer - Direct","","2/1/2016","UK"
"Kiran Machhewar","GenePoint","Cold","Customer - Channel","","2/1/2016","CA"
16:38:48.0 (98046041)|SYSTEM_MODE_EXIT|false
16:38:48.0 (98129417)|CODE_UNIT_FINISHED|EmailReportExport
16:38:48.0 (100961382)|EXECUTION_FINISHED
