39.0 APEX_CODE,DEBUG;APEX_PROFILING,INFO;CALLOUT,INFO;DB,INFO;SYSTEM,DEBUG;VALIDATION,INFO;VISUALFORCE,DEBUG;WAVE,INFO;WORKFLOW,INFO
16:08:12.2 (2680929)|USER_INFO|[EXTERNAL]|00528000001szBz|kiran@kmforce.com|Pacific Standard Time|GMT-07:00
16:08:12.2 (2755788)|EXECUTION_STARTED
16:08:12.2 (2764725)|CODE_UNIT_STARTED|[EXTERNAL]|EmailReportExport
16:08:12.2 (10062153)|SYSTEM_MODE_ENTER|false
16:08:12.2 (10175270)|SYSTEM_MODE_EXIT|false
16:08:12.2 (10203955)|SYSTEM_MODE_ENTER|false
16:08:12.2 (10225602)|SYSTEM_MODE_EXIT|false
16:08:12.2 (10231951)|SYSTEM_MODE_ENTER|false
16:08:12.2 (10233971)|SYSTEM_MODE_EXIT|false
16:08:12.2 (10314203)|SYSTEM_MODE_ENTER|false
16:08:12.2 (147308792)|USER_DEBUG|[21]|DEBUG|Account Owner
16:08:12.2 (147384229)|USER_DEBUG|[21]|DEBUG|Account Name
16:08:12.2 (147415915)|USER_DEBUG|[21]|DEBUG|Rating
16:08:12.2 (147445103)|USER_DEBUG|[21]|DEBUG|Last Activity
16:08:12.2 (147477675)|USER_DEBUG|[21]|DEBUG|Last Modified Date
16:08:12.2 (147528926)|USER_DEBUG|[21]|DEBUG|Billing State/Province
16:08:12.2 (165916891)|EMAIL_QUEUE|[60]|subject: All Accounts CSV, bccSender: false, saveAsActivity: false, useSignature: true, targetObjectId: 00528000001szBz, plainTextBody: Hi,
Please consider the attached report export.
 Thanks,
Salesforce, 
16:08:12.2 (166120553)|USER_DEBUG|[61]|DEBUG|CSV File-->
"Account Owner","Account Name","Rating","Last Activity","Last Modified Date","Billing State/Province"
"Kiran Machhewar","sForce","","","2/1/2016","CA"
"Kiran Machhewar","United Oil & Gas Corp.","Hot","","2/1/2016","NY"
"Kiran Machhewar","University of Arizona","Warm","","2/1/2016","AZ"
"Kiran Machhewar","Grand Hotels & Resorts Ltd","Warm","","2/1/2016","IL"
"Kiran Machhewar","Burlington Textiles Corp of America","Warm","","2/1/2016","NC"
"Kiran Machhewar","Edge Communications","Hot","","2/1/2016","TX"
"Kiran Machhewar","United Oil & Gas, Singapore","","","2/1/2016","Singapore"
"Kiran Machhewar","United Oil & Gas, UK","","","2/1/2016","UK"
"Kiran Machhewar","Express Logistics and Transport","Cold","","2/1/2016","OR"
"Kiran Machhewar","Dickenson plc","","","2/1/2016","KS"
"Kiran Machhewar","Pyramid Construction Inc.","","","2/1/2016",""
"Kiran Machhewar","GenePoint","Cold","","2/1/2016","CA"
16:08:12.2 (166147254)|SYSTEM_MODE_EXIT|false
16:08:12.2 (166178501)|CODE_UNIT_FINISHED|EmailReportExport
16:08:12.2 (168336654)|EXECUTION_FINISHED
