39.0 APEX_CODE,DEBUG;APEX_PROFILING,INFO;CALLOUT,INFO;DB,INFO;SYSTEM,DEBUG;VALIDATION,INFO;VISUALFORCE,DEBUG;WAVE,INFO;WORKFLOW,INFO
15:48:01.0 (65158)|EXECUTION_STARTED
15:48:01.0 (97361)|CODE_UNIT_STARTED|[EXTERNAL]|VisualForce View State
15:48:01.0 (7372893)|CODE_UNIT_FINISHED|VisualForce View State
15:48:01.0 (8929389)|EXECUTION_FINISHED
15:48:01.10 (10162827)|SYSTEM_MODE_ENTER|true
15:48:01.203 (203453261)|CUMULATIVE_LIMIT_USAGE
15:48:01.203 (203453261)|LIMIT_USAGE_FOR_NS|(default)|
  Number of SOQL queries: 0 out of 100
  Number of query rows: 0 out of 50000
  Number of SOSL queries: 0 out of 20
  Number of DML statements: 0 out of 150
  Number of DML rows: 0 out of 10000
  Maximum CPU time: 0 out of 10000
  Maximum heap size: 0 out of 6000000
  Number of callouts: 0 out of 100
  Number of Email Invocations: 0 out of 10
  Number of future calls: 0 out of 50
  Number of queueable jobs added to the queue: 0 out of 50
  Number of Mobile Apex push calls: 0 out of 10

15:48:01.203 (203453261)|CUMULATIVE_LIMIT_USAGE_END

