39.0 APEX_CODE,DEBUG;APEX_PROFILING,INFO;CALLOUT,INFO;DB,INFO;SYSTEM,DEBUG;VALIDATION,INFO;VISUALFORCE,DEBUG;WAVE,INFO;WORKFLOW,INFO
16:01:20.0 (61221)|EXECUTION_STARTED
16:01:20.0 (93352)|CODE_UNIT_STARTED|[EXTERNAL]|VisualForce View State
16:01:20.0 (6227133)|CODE_UNIT_FINISHED|VisualForce View State
16:01:20.0 (7713738)|EXECUTION_FINISHED
16:01:20.9 (9267973)|SYSTEM_MODE_ENTER|true
16:01:20.304 (304952055)|CUMULATIVE_LIMIT_USAGE
16:01:20.304 (304952055)|LIMIT_USAGE_FOR_NS|(default)|
  Number of SOQL queries: 0 out of 100
  Number of query rows: 0 out of 50000
  Number of SOSL queries: 0 out of 20
  Number of DML statements: 0 out of 150
  Number of DML rows: 0 out of 10000
  Maximum CPU time: 0 out of 10000
  Maximum heap size: 0 out of 6000000
  Number of callouts: 0 out of 100
  Number of Email Invocations: 0 out of 10
  Number of future calls: 0 out of 50
  Number of queueable jobs added to the queue: 0 out of 50
  Number of Mobile Apex push calls: 0 out of 10

16:01:20.304 (304952055)|CUMULATIVE_LIMIT_USAGE_END

