39.0 APEX_CODE,DEBUG;APEX_PROFILING,INFO;CALLOUT,INFO;DB,INFO;SYSTEM,DEBUG;VALIDATION,INFO;VISUALFORCE,DEBUG;WAVE,INFO;WORKFLOW,INFO
16:55:32.0 (540132)|USER_INFO|[EXTERNAL]|00528000001szBz|kiran@kmforce.com|Pacific Standard Time|GMT-07:00
16:55:32.0 (626461)|EXECUTION_STARTED
16:55:32.0 (647181)|CODE_UNIT_STARTED|[EXTERNAL]|EmailReportExport
16:55:32.0 (2234152)|SYSTEM_MODE_ENTER|false
16:55:32.0 (101865015)|EMAIL_QUEUE|[47]|subject: All Accounts CSV, bccSender: false, saveAsActivity: false, useSignature: true, targetObjectId: 00528000001szBz, plainTextBody: Hi,
Please consider the attached report export.
 Thanks,
Salesforce, 
16:55:32.0 (102057391)|USER_DEBUG|[48]|DEBUG|CSV File-->
"Account Owner","Account Name","Rating","Type","Last Activity","Last Modified Date","Billing State/Province"
"Kiran Machhewar","sForce","","","","2/1/2016","CA"
"Kiran Machhewar","United Oil & Gas Corp.","Hot","Customer - Direct","","2/1/2016","NY"
"Kiran Machhewar","University of Arizona","Warm","Customer - Direct","","2/1/2016","AZ"
"Kiran Machhewar","Express Logistics and Transport","Cold","Customer - Channel","","2/1/2016","OR"
"Kiran Machhewar","Grand Hotels & Resorts Ltd","Warm","Customer - Direct","","2/1/2016","IL"
"Kiran Machhewar","Dickenson plc","","Customer - Channel","","2/1/2016","KS"
"Kiran Machhewar","Pyramid Construction Inc.","","Customer - Channel","","2/1/2016",""
"Kiran Machhewar","Burlington Textiles Corp of America","Warm","Customer - Direct","","2/1/2016","NC"
"Kiran Machhewar","Edge Communications","Hot","Customer - Direct","","2/1/2016","TX"
"Kiran Machhewar","United Oil & Gas, Singapore","","Customer - Direct","","2/1/2016","Singapore"
"Kiran Machhewar","United Oil & Gas, UK","","Customer - Direct","","2/1/2016","UK"
"Kiran Machhewar","GenePoint","Cold","Customer - Channel","","2/1/2016","CA"
16:55:32.0 (102087080)|SYSTEM_MODE_EXIT|false
16:55:32.0 (102106508)|CODE_UNIT_FINISHED|EmailReportExport
16:55:32.0 (104224234)|EXECUTION_FINISHED
