39.0 APEX_CODE,DEBUG;APEX_PROFILING,INFO;CALLOUT,INFO;DB,INFO;SYSTEM,DEBUG;VALIDATION,INFO;VISUALFORCE,DEBUG;WAVE,INFO;WORKFLOW,INFO
15:56:17.0 (225786)|USER_INFO|[EXTERNAL]|00528000001szBz|kiran@kmforce.com|Pacific Standard Time|GMT-07:00
15:56:17.0 (271506)|EXECUTION_STARTED
15:56:17.0 (275174)|CODE_UNIT_STARTED|[EXTERNAL]|EmailReportExport
15:56:17.0 (1606119)|SYSTEM_MODE_ENTER|false
15:56:17.0 (1622784)|SYSTEM_MODE_EXIT|false
15:56:17.0 (1654143)|SYSTEM_MODE_ENTER|false
15:56:17.0 (1664073)|SYSTEM_MODE_EXIT|false
15:56:17.0 (1668417)|SYSTEM_MODE_ENTER|false
15:56:17.0 (1670687)|SYSTEM_MODE_EXIT|false
15:56:17.0 (1713139)|SYSTEM_MODE_ENTER|false
15:56:17.0 (79372008)|USER_DEBUG|[21]|DEBUG|Account Owner
15:56:17.0 (79446507)|USER_DEBUG|[21]|DEBUG|Account Name
15:56:17.0 (79480196)|USER_DEBUG|[21]|DEBUG|Type
15:56:17.0 (79510266)|USER_DEBUG|[21]|DEBUG|Rating
15:56:17.0 (79539955)|USER_DEBUG|[21]|DEBUG|Last Activity
15:56:17.0 (79569775)|USER_DEBUG|[21]|DEBUG|Last Modified Date
15:56:17.0 (79606992)|USER_DEBUG|[21]|DEBUG|Billing State/Province
15:56:17.0 (122207864)|EXCEPTION_THROWN|[60]|System.EmailException: SendEmail failed. First exception on row 0; first error: SINGLE_EMAIL_LIMIT_EXCEEDED, Email limit exceeded: []
15:56:17.0 (124901197)|FATAL_ERROR|System.EmailException: SendEmail failed. First exception on row 0; first error: SINGLE_EMAIL_LIMIT_EXCEEDED, Email limit exceeded: []

Class.ExportReportService.createCSVFile: line 60, column 1
Class.EmailReportExport.execute: line 4, column 1
15:56:17.0 (124916508)|CODE_UNIT_FINISHED|EmailReportExport
15:56:17.0 (126187242)|EXECUTION_FINISHED
