39.0 APEX_CODE,DEBUG;APEX_PROFILING,INFO;CALLOUT,INFO;DB,INFO;SYSTEM,DEBUG;VALIDATION,INFO;VISUALFORCE,DEBUG;WAVE,INFO;WORKFLOW,INFO
17:03:31.0 (97442)|EXECUTION_STARTED
17:03:31.0 (138934)|CODE_UNIT_STARTED|[EXTERNAL]|VisualForce View State
17:03:31.0 (10550598)|CODE_UNIT_FINISHED|VisualForce View State
17:03:31.0 (12152766)|EXECUTION_FINISHED
17:03:31.13 (13724316)|SYSTEM_MODE_ENTER|true
17:03:31.233 (233423828)|CUMULATIVE_LIMIT_USAGE
17:03:31.233 (233423828)|LIMIT_USAGE_FOR_NS|(default)|
  Number of SOQL queries: 0 out of 100
  Number of query rows: 0 out of 50000
  Number of SOSL queries: 0 out of 20
  Number of DML statements: 0 out of 150
  Number of DML rows: 0 out of 10000
  Maximum CPU time: 0 out of 10000
  Maximum heap size: 0 out of 6000000
  Number of callouts: 0 out of 100
  Number of Email Invocations: 0 out of 10
  Number of future calls: 0 out of 50
  Number of queueable jobs added to the queue: 0 out of 50
  Number of Mobile Apex push calls: 0 out of 10

17:03:31.233 (233423828)|CUMULATIVE_LIMIT_USAGE_END

