39.0 APEX_CODE,DEBUG
Execute Anonymous: ExportReportService.main();
13:30:22.149 (149188535)|USER_INFO|[EXTERNAL]|00528000001szBz|kiran@kmforce.com|Pacific Standard Time|GMT-07:00
13:30:22.149 (149213207)|EXECUTION_STARTED
13:30:22.149 (149219570)|CODE_UNIT_STARTED|[EXTERNAL]|execute_anonymous_apex
13:30:22.149 (784477416)|USER_DEBUG|[22]|DEBUG|headerColumnMap-->{
  "ADDRESS1_STATE" : {
    "name" : "ADDRESS1_STATE",
    "label" : "Billing State/Province",
    "dataType" : "STRING_DATA"
  },
  "LAST_UPDATE" : {
    "name" : "LAST_UPDATE",
    "label" : "Last Modified Date",
    "dataType" : "DATETIME_DATA"
  },
  "DUE_DATE" : {
    "name" : "DUE_DATE",
    "label" : "Last Activity",
    "dataType" : "DATE_DATA"
  },
  "RATING" : {
    "name" : "RATING",
    "label" : "Rating",
    "dataType" : "PICKLIST_DATA"
  },
  "TYPE" : {
    "name" : "TYPE",
    "label" : "Type",
    "dataType" : "PICKLIST_DATA"
  },
  "ACCOUNT.NAME" : {
    "name" : "ACCOUNT.NAME",
    "label" : "Account Name",
    "dataType" : "STRING_DATA"
  },
  "USERS.NAME" : {
    "name" : "USERS.NAME",
    "label" : "Account Owner",
    "dataType" : "STRING_DATA"
  }
}
13:30:22.149 (784661324)|USER_DEBUG|[24]|DEBUG|ReportMetadata -->[ "USERS.NAME", "ACCOUNT.NAME", "TYPE", "RATING", "DUE_DATE", "LAST_UPDATE", "ADDRESS1_STATE" ]
13:30:22.149 (784716536)|USER_DEBUG|[27]|DEBUG|Account Owner
13:30:22.149 (784738029)|USER_DEBUG|[27]|DEBUG|Account Name
13:30:22.149 (784750142)|USER_DEBUG|[27]|DEBUG|Type
13:30:22.149 (784761341)|USER_DEBUG|[27]|DEBUG|Rating
13:30:22.149 (784772839)|USER_DEBUG|[27]|DEBUG|Last Activity
13:30:22.149 (784783927)|USER_DEBUG|[27]|DEBUG|Last Modified Date
13:30:22.149 (784795114)|USER_DEBUG|[27]|DEBUG|Billing State/Province
13:30:22.149 (787965484)|USER_DEBUG|[37]|DEBUG|Fact Data-->{
  "key" : "T!T",
  "aggregates" : [ {
    "value" : 12,
    "label" : "12"
  } ],
  "rows" : [ {
    "dataCells" : [ {
      "value" : "00528000001szBzAAI",
      "label" : "Kiran Machhewar"
    }, {
      "value" : "0012800000HzD6ZAAV",
      "label" : "sForce"
    }, {
      "value" : null,
      "label" : "-"
    }, {
      "value" : null,
      "label" : "-"
    }, {
      "value" : null,
      "label" : "-"
    }, {
      "value" : "2016-02-01",
      "label" : "2/1/2016"
    }, {
      "value" : "CA",
      "label" : "CA"
    } ]
  }, {
    "dataCells" : [ {
      "value" : "00528000001szBzAAI",
      "label" : "Kiran Machhewar"
    }, {
      "value" : "0012800000HzD6TAAV",
      "label" : "United Oil & Gas Corp."
    }, {
      "value" : "Customer - Direct",
      "label" : "Customer - Direct"
    }, {
      "value" : "Hot",
      "label" : "Hot"
    }, {
      "value" : null,
      "label" : "-"
    }, {
      "value" : "2016-02-01",
      "label" : "2/1/2016"
    }, {
      "value" : "NY",
      "label" : "NY"
    } ]
  }, {
    "dataCells" : [ {
      "value" : "00528000001szBzAAI",
      "label" : "Kiran Machhewar"
    }, {
      "value" : "0012800000HzD6VAAV",
      "label" : "University of Arizona"
    }, {
      "value" : "Customer - Direct",
      "label" : "Customer - Direct"
    }, {
      "value" : "Warm",
      "label" : "Warm"
    }, {
      "value" : null,
      "label" : "-"
    }, {
      "value" : "2016-02-01",
      "label" : "2/1/2016"
    }, {
      "value" : "AZ",
      "label" : "AZ"
    } ]
  }, {
    "dataCells" : [ {
      "value" : "00528000001szBzAAI",
      "label" : "Kiran Machhewar"
    }, {
      "value" : "0012800000HzD6UAAV",
      "label" : "Express Logistics and Transport"
    }, {
      "value" : "Customer - Channel",
      "label" : "Customer - Channel"
    }, {
      "value" : "Cold",
      "label" : "Cold"
    }, {
      "value" : null,
      "label" : "-"
    }, {
      "value" : "2016-02-01",
      "label" : "2/1/2016"
    }, {
      "value" : "OR",
      "label" : "OR"
    } ]
  }, {
    "dataCells" : [ {
      "value" : "00528000001szBzAAI",
      "label" : "Kiran Machhewar"
    }, {
      "value" : "0012800000HzD6SAAV",
      "label" : "Grand Hotels & Resorts Ltd"
    }, {
      "value" : "Customer - Direct",
      "label" : "Customer - Direct"
    }, {
      "value" : "Warm",
      "label" : "Warm"
    }, {
      "value" : null,
      "label" : "-"
    }, {
      "value" : "2016-02-01",
      "label" : "2/1/2016"
    }, {
      "value" : "IL",
      "label" : "IL"
    } ]
  }, {
    "dataCells" : [ {
      "value" : "00528000001szBzAAI",
      "label" : "Kiran Machhewar"
    }, {
      "value" : "0012800000HzD6RAAV",
      "label" : "Dickenson plc"
    }, {
      "value" : "Customer - Channel",
      "label" : "Customer - Channel"
    }, {
      "value" : null,
      "label" : "-"
    }, {
      "value" : null,
      "label" : "-"
    }, {
      "value" : "2016-02-01",
      "label" : "2/1/2016"
    }, {
      "value" : "KS",
      "label" : "KS"
    } ]
  }, {
    "dataCells" : [ {
      "value" : "00528000001szBzAAI",
      "label" : "Kiran Machhewar"
    }, {
      "value" : "0012800000HzD6QAAV",
      "label" : "Pyramid Construction Inc."
    }, {
      "value" : "Customer - Channel",
      "label" : "Customer - Channel"
    }, {
      "value" : null,
      "label" : "-"
    }, {
      "value" : null,
      "label" : "-"
    }, {
      "value" : "2016-02-01",
      "label" : "2/1/2016"
    }, {
      "value" : null,
      "label" : "-"
    } ]
  }, {
    "dataCells" : [ {
      "value" : "00528000001szBzAAI",
      "label" : "Kiran Machhewar"
    }, {
      "value" : "0012800000HzD6PAAV",
      "label" : "Burlington Textiles Corp of America"
    }, {
      "value" : "Customer - Direct",
      "label" : "Customer - Direct"
    }, {
      "value" : "Warm",
      "label" : "Warm"
    }, {
      "value" : null,
      "label" : "-"
    }, {
      "value" : "2016-02-01",
      "label" : "2/1/2016"
    }, {
      "value" : "NC",
      "label" : "NC"
    } ]
  }, {
    "dataCells" : [ {
      "value" : "00528000001szBzAAI",
      "label" : "Kiran Machhewar"
    }, {
      "value" : "0012800000HzD6OAAV",
      "label" : "Edge Communications"
    }, {
      "value" : "Customer - Direct",
      "label" : "Customer - Direct"
    }, {
      "value" : "Hot",
      "label" : "Hot"
    }, {
      "value" : null,
      "label" : "-"
    }, {
      "value" : "2016-02-01",
      "label" : "2/1/2016"
    }, {
      "value" : "TX",
      "label" : "TX"
    } ]
  }, {
    "dataCells" : [ {
      "value" : "00528000001szBzAAI",
      "label" : "Kiran Machhewar"
    }, {
      "value" : "0012800000HzD6XAAV",
      "label" : "United Oil & Gas, Singapore"
    }, {
      "value" : "Customer - Direct",
      "label" : "Customer - Direct"
    }, {
      "value" : null,
      "label" : "-"
    }, {
      "value" : null,
      "label" : "-"
    }, {
      "value" : "2016-02-01",
      "label" : "2/1/2016"
    }, {
      "value" : "Singapore",
      "label" : "Singapore"
    } ]
  }, {
    "dataCells" : [ {
      "value" : "00528000001szBzAAI",
      "label" : "Kiran Machhewar"
    }, {
      "value" : "0012800000HzD6WAAV",
      "label" : "United Oil & Gas, UK"
    }, {
      "value" : "Customer - Direct",
      "label" : "Customer - Direct"
    }, {
      "value" : null,
      "label" : "-"
    }, {
      "value" : null,
      "label" : "-"
    }, {
      "value" : "2016-02-01",
      "label" : "2/1/2016"
    }, {
      "value" : "UK",
      "label" : "UK"
    } ]
  }, {
    "dataCells" : [ {
      "value" : "00528000001szBzAAI",
      "label" : "Kiran Machhewar"
    }, {
      "value" : "0012800000HzD6YAAV",
      "label" : "GenePoint"
    }, {
      "value" : "Customer - Channel",
      "label" : "Customer - Channel"
    }, {
      "value" : "Cold",
      "label" : "Cold"
    }, {
      "value" : null,
      "label" : "-"
    }, {
      "value" : "2016-02-01",
      "label" : "2/1/2016"
    }, {
      "value" : "CA",
      "label" : "CA"
    } ]
  } ]
}
13:30:22.149 (788008637)|USER_DEBUG|[40]|DEBUG|CSV File-->"Account Owner","Account Name","Type","Rating","Last Activity","Last Modified Date","Billing State/Province"
13:30:22.149 (788017416)|USER_DEBUG|[5]|DEBUG|"Account Owner","Account Name","Type","Rating","Last Activity","Last Modified Date","Billing State/Province"
13:30:22.149 (788068375)|CODE_UNIT_FINISHED|execute_anonymous_apex
13:30:22.149 (790170051)|EXECUTION_FINISHED
