39.0 APEX_CODE,DEBUG
Execute Anonymous: ExportReportService.main();
13:31:58.124 (124128063)|USER_INFO|[EXTERNAL]|00528000001szBz|kiran@kmforce.com|Pacific Standard Time|GMT-07:00
13:31:58.124 (124147445)|EXECUTION_STARTED
13:31:58.124 (124152421)|CODE_UNIT_STARTED|[EXTERNAL]|execute_anonymous_apex
13:31:58.124 (199246866)|USER_DEBUG|[22]|DEBUG|headerColumnMap-->{
  "ADDRESS1_STATE" : {
    "name" : "ADDRESS1_STATE",
    "label" : "Billing State/Province",
    "dataType" : "STRING_DATA"
  },
  "LAST_UPDATE" : {
    "name" : "LAST_UPDATE",
    "label" : "Last Modified Date",
    "dataType" : "DATETIME_DATA"
  },
  "DUE_DATE" : {
    "name" : "DUE_DATE",
    "label" : "Last Activity",
    "dataType" : "DATE_DATA"
  },
  "RATING" : {
    "name" : "RATING",
    "label" : "Rating",
    "dataType" : "PICKLIST_DATA"
  },
  "TYPE" : {
    "name" : "TYPE",
    "label" : "Type",
    "dataType" : "PICKLIST_DATA"
  },
  "ACCOUNT.NAME" : {
    "name" : "ACCOUNT.NAME",
    "label" : "Account Name",
    "dataType" : "STRING_DATA"
  },
  "USERS.NAME" : {
    "name" : "USERS.NAME",
    "label" : "Account Owner",
    "dataType" : "STRING_DATA"
  }
}
13:31:58.124 (199383120)|USER_DEBUG|[24]|DEBUG|ReportMetadata -->[ "USERS.NAME", "ACCOUNT.NAME", "TYPE", "RATING", "DUE_DATE", "LAST_UPDATE", "ADDRESS1_STATE" ]
13:31:58.124 (199428725)|USER_DEBUG|[27]|DEBUG|Account Owner
13:31:58.124 (199441905)|USER_DEBUG|[27]|DEBUG|Account Name
13:31:58.124 (199448997)|USER_DEBUG|[27]|DEBUG|Type
13:31:58.124 (199455286)|USER_DEBUG|[27]|DEBUG|Rating
13:31:58.124 (199461543)|USER_DEBUG|[27]|DEBUG|Last Activity
13:31:58.124 (199467738)|USER_DEBUG|[27]|DEBUG|Last Modified Date
13:31:58.124 (199473972)|USER_DEBUG|[27]|DEBUG|Billing State/Province
13:31:58.124 (199760211)|USER_DEBUG|[37]|DEBUG|Fact Data-->[ {
  "value" : 12,
  "label" : "12"
} ]
13:31:58.124 (199770086)|USER_DEBUG|[40]|DEBUG|CSV File-->"Account Owner","Account Name","Type","Rating","Last Activity","Last Modified Date","Billing State/Province"
13:31:58.124 (199777540)|USER_DEBUG|[5]|DEBUG|"Account Owner","Account Name","Type","Rating","Last Activity","Last Modified Date","Billing State/Province"
13:31:58.124 (199812617)|CODE_UNIT_FINISHED|execute_anonymous_apex
13:31:58.124 (201742480)|EXECUTION_FINISHED
