36.0 APEX_CODE,DEBUG;APEX_PROFILING,INFO;CALLOUT,INFO;DB,INFO;SYSTEM,DEBUG;VALIDATION,INFO;VISUALFORCE,DEBUG;WAVE,INFO;WORKFLOW,INFO
15:37:17.0 (170690)|USER_INFO|[EXTERNAL]|00528000001szBz|kiran@kmforce.com|Pacific Standard Time|GMT-07:00
15:37:17.0 (217807)|EXECUTION_STARTED
15:37:17.0 (224348)|CODE_UNIT_STARTED|[EXTERNAL]|01p2800000EvTwM|BatchTemplate
15:37:17.43 (43289260)|CUMULATIVE_LIMIT_USAGE
15:37:17.43 (43289260)|LIMIT_USAGE_FOR_NS|(default)|
  Number of SOQL queries: 0 out of 200
  Number of query rows: 0 out of 50000
  Number of SOSL queries: 0 out of 20
  Number of DML statements: 0 out of 150
  Number of DML rows: 0 out of 10000
  Maximum CPU time: 0 out of 60000
  Maximum heap size: 0 out of 12000000
  Number of callouts: 0 out of 0
  Number of Email Invocations: 0 out of 10
  Number of future calls: 0 out of 0
  Number of queueable jobs added to the queue: 0 out of 1
  Number of Mobile Apex push calls: 0 out of 10

15:37:17.43 (43289260)|CUMULATIVE_LIMIT_USAGE_END

15:37:17.0 (43369201)|CODE_UNIT_FINISHED|BatchTemplate
15:37:17.0 (44951961)|EXECUTION_FINISHED
