36.0 APEX_CODE,DEBUG;APEX_PROFILING,INFO;CALLOUT,INFO;DB,INFO;SYSTEM,DEBUG;VALIDATION,INFO;VISUALFORCE,DEBUG;WAVE,INFO;WORKFLOW,INFO
15:31:57.1 (1261931)|USER_INFO|[EXTERNAL]|00528000001szBz|kiran@kmforce.com|Pacific Standard Time|GMT-07:00
15:31:57.1 (1315902)|EXECUTION_STARTED
15:31:57.1 (1321792)|CODE_UNIT_STARTED|[EXTERNAL]|01p2800000EvTwM|BatchTemplate
15:31:57.48 (48541207)|CUMULATIVE_LIMIT_USAGE
15:31:57.48 (48541207)|LIMIT_USAGE_FOR_NS|(default)|
  Number of SOQL queries: 0 out of 200
  Number of query rows: 0 out of 50000
  Number of SOSL queries: 0 out of 20
  Number of DML statements: 0 out of 150
  Number of DML rows: 0 out of 10000
  Maximum CPU time: 0 out of 60000
  Maximum heap size: 0 out of 12000000
  Number of callouts: 0 out of 0
  Number of Email Invocations: 0 out of 10
  Number of future calls: 0 out of 0
  Number of queueable jobs added to the queue: 0 out of 1
  Number of Mobile Apex push calls: 0 out of 10

15:31:57.48 (48541207)|CUMULATIVE_LIMIT_USAGE_END

15:31:57.1 (48617133)|CODE_UNIT_FINISHED|BatchTemplate
15:31:57.1 (50018771)|EXECUTION_FINISHED
